<?xml version="1.0" encoding="UTF-8"?>
<testsuite name="com.course.rabbitmqproducer.RabbitmqProducerApplicationTests" tests="1" skipped="0" failures="0" errors="0" timestamp="2019-04-06T21:08:17" hostname="macbook-pro-macbookpro.home" time="0.167">
  <properties/>
  <testcase name="contextLoads" classname="com.course.rabbitmqproducer.RabbitmqProducerApplicationTests" time="0.167"/>
  <system-out><![CDATA[23:08:16.166 [Test worker] DEBUG org.springframework.test.context.junit4.SpringJUnit4ClassRunner - SpringJUnit4ClassRunner constructor called with [class com.course.rabbitmqproducer.RabbitmqProducerApplicationTests]
23:08:16.173 [Test worker] DEBUG org.springframework.test.context.BootstrapUtils - Instantiating CacheAwareContextLoaderDelegate from class [org.springframework.test.context.cache.DefaultCacheAwareContextLoaderDelegate]
23:08:16.181 [Test worker] DEBUG org.springframework.test.context.BootstrapUtils - Instantiating BootstrapContext using constructor [public org.springframework.test.context.support.DefaultBootstrapContext(java.lang.Class,org.springframework.test.context.CacheAwareContextLoaderDelegate)]
23:08:16.200 [Test worker] DEBUG org.springframework.test.context.BootstrapUtils - Instantiating TestContextBootstrapper for test class [com.course.rabbitmqproducer.RabbitmqProducerApplicationTests] from class [org.springframework.boot.test.context.SpringBootTestContextBootstrapper]
23:08:16.213 [Test worker] INFO org.springframework.boot.test.context.SpringBootTestContextBootstrapper - Neither @ContextConfiguration nor @ContextHierarchy found for test class [com.course.rabbitmqproducer.RabbitmqProducerApplicationTests], using SpringBootContextLoader
23:08:16.217 [Test worker] DEBUG org.springframework.test.context.support.AbstractContextLoader - Did not detect default resource location for test class [com.course.rabbitmqproducer.RabbitmqProducerApplicationTests]: class path resource [com/course/rabbitmqproducer/RabbitmqProducerApplicationTests-context.xml] does not exist
23:08:16.217 [Test worker] DEBUG org.springframework.test.context.support.AbstractContextLoader - Did not detect default resource location for test class [com.course.rabbitmqproducer.RabbitmqProducerApplicationTests]: class path resource [com/course/rabbitmqproducer/RabbitmqProducerApplicationTestsContext.groovy] does not exist
23:08:16.217 [Test worker] INFO org.springframework.test.context.support.AbstractContextLoader - Could not detect default resource locations for test class [com.course.rabbitmqproducer.RabbitmqProducerApplicationTests]: no resource found for suffixes {-context.xml, Context.groovy}.
23:08:16.218 [Test worker] INFO org.springframework.test.context.support.AnnotationConfigContextLoaderUtils - Could not detect default configuration classes for test class [com.course.rabbitmqproducer.RabbitmqProducerApplicationTests]: RabbitmqProducerApplicationTests does not declare any static, non-private, non-final, nested classes annotated with @Configuration.
23:08:16.267 [Test worker] DEBUG org.springframework.test.context.support.ActiveProfilesUtils - Could not find an 'annotation declaring class' for annotation type [org.springframework.test.context.ActiveProfiles] and class [com.course.rabbitmqproducer.RabbitmqProducerApplicationTests]
23:08:16.337 [Test worker] DEBUG org.springframework.context.annotation.ClassPathScanningCandidateComponentProvider - Identified candidate component class: file [/Users/macbookpro/Programowanie/IdeaProjects/rabbitmq-producer/build/classes/java/main/com/course/rabbitmqproducer/RabbitmqProducerApplication.class]
23:08:16.338 [Test worker] INFO org.springframework.boot.test.context.SpringBootTestContextBootstrapper - Found @SpringBootConfiguration com.course.rabbitmqproducer.RabbitmqProducerApplication for test class com.course.rabbitmqproducer.RabbitmqProducerApplicationTests
23:08:16.415 [Test worker] DEBUG org.springframework.boot.test.context.SpringBootTestContextBootstrapper - @TestExecutionListeners is not present for class [com.course.rabbitmqproducer.RabbitmqProducerApplicationTests]: using defaults.
23:08:16.416 [Test worker] INFO org.springframework.boot.test.context.SpringBootTestContextBootstrapper - Loaded default TestExecutionListener class names from location [META-INF/spring.factories]: [org.springframework.boot.test.autoconfigure.restdocs.RestDocsTestExecutionListener, org.springframework.boot.test.autoconfigure.web.client.MockRestServiceServerResetTestExecutionListener, org.springframework.boot.test.autoconfigure.web.servlet.MockMvcPrintOnlyOnFailureTestExecutionListener, org.springframework.boot.test.autoconfigure.web.servlet.WebDriverTestExecutionListener, org.springframework.boot.test.mock.mockito.MockitoTestExecutionListener, org.springframework.boot.test.mock.mockito.ResetMocksTestExecutionListener, org.springframework.test.context.web.ServletTestExecutionListener, org.springframework.test.context.support.DirtiesContextBeforeModesTestExecutionListener, org.springframework.test.context.support.DependencyInjectionTestExecutionListener, org.springframework.test.context.support.DirtiesContextTestExecutionListener, org.springframework.test.context.transaction.TransactionalTestExecutionListener, org.springframework.test.context.jdbc.SqlScriptsTestExecutionListener]
23:08:16.423 [Test worker] DEBUG org.springframework.boot.test.context.SpringBootTestContextBootstrapper - Skipping candidate TestExecutionListener [org.springframework.test.context.web.ServletTestExecutionListener] due to a missing dependency. Specify custom listener classes or make the default listener classes and their required dependencies available. Offending class: [javax/servlet/ServletContext]
23:08:16.431 [Test worker] INFO org.springframework.boot.test.context.SpringBootTestContextBootstrapper - Using TestExecutionListeners: [org.springframework.test.context.support.DirtiesContextBeforeModesTestExecutionListener@75da68a5, org.springframework.boot.test.mock.mockito.MockitoTestExecutionListener@59e08e47, org.springframework.boot.test.autoconfigure.SpringBootDependencyInjectionTestExecutionListener@76c5a232, org.springframework.test.context.support.DirtiesContextTestExecutionListener@68d29939, org.springframework.test.context.transaction.TransactionalTestExecutionListener@4eeb5bc6, org.springframework.test.context.jdbc.SqlScriptsTestExecutionListener@132476ea, org.springframework.boot.test.autoconfigure.restdocs.RestDocsTestExecutionListener@48ab928e, org.springframework.boot.test.autoconfigure.web.client.MockRestServiceServerResetTestExecutionListener@34ccd1f3, org.springframework.boot.test.autoconfigure.web.servlet.MockMvcPrintOnlyOnFailureTestExecutionListener@20ed89c7, org.springframework.boot.test.autoconfigure.web.servlet.WebDriverTestExecutionListener@104e3816, org.springframework.boot.test.mock.mockito.ResetMocksTestExecutionListener@465e773]
23:08:16.434 [Test worker] DEBUG org.springframework.test.annotation.ProfileValueUtils - Retrieved @ProfileValueSourceConfiguration [null] for test class [com.course.rabbitmqproducer.RabbitmqProducerApplicationTests]
23:08:16.434 [Test worker] DEBUG org.springframework.test.annotation.ProfileValueUtils - Retrieved ProfileValueSource type [class org.springframework.test.annotation.SystemProfileValueSource] for class [com.course.rabbitmqproducer.RabbitmqProducerApplicationTests]
23:08:16.435 [Test worker] DEBUG org.springframework.test.annotation.ProfileValueUtils - Retrieved @ProfileValueSourceConfiguration [null] for test class [com.course.rabbitmqproducer.RabbitmqProducerApplicationTests]
23:08:16.435 [Test worker] DEBUG org.springframework.test.annotation.ProfileValueUtils - Retrieved ProfileValueSource type [class org.springframework.test.annotation.SystemProfileValueSource] for class [com.course.rabbitmqproducer.RabbitmqProducerApplicationTests]
23:08:16.440 [Test worker] DEBUG org.springframework.test.context.support.AbstractDirtiesContextTestExecutionListener - Before test class: context [DefaultTestContext@505da8a5 testClass = RabbitmqProducerApplicationTests, testInstance = [null], testMethod = [null], testException = [null], mergedContextConfiguration = [MergedContextConfiguration@52b56254 testClass = RabbitmqProducerApplicationTests, locations = '{}', classes = '{class com.course.rabbitmqproducer.RabbitmqProducerApplication}', contextInitializerClasses = '[]', activeProfiles = '{}', propertySourceLocations = '{}', propertySourceProperties = '{org.springframework.boot.test.context.SpringBootTestContextBootstrapper=true}', contextCustomizers = set[org.springframework.boot.test.autoconfigure.properties.PropertyMappingContextCustomizer@0, org.springframework.boot.test.autoconfigure.web.servlet.WebDriverContextCustomizerFactory$Customizer@45002ce8, org.springframework.boot.test.context.filter.ExcludeFilterContextCustomizer@b4262f0, org.springframework.boot.test.json.DuplicateJsonObjectContextCustomizerFactory$DuplicateJsonObjectContextCustomizer@43b45c9c, org.springframework.boot.test.mock.mockito.MockitoContextCustomizer@0, org.springframework.boot.test.web.client.TestRestTemplateContextCustomizer@5b9bbea3], contextLoader = 'org.springframework.boot.test.context.SpringBootContextLoader', parent = [null]], attributes = map[[empty]]], class annotated with @DirtiesContext [false] with mode [null].
23:08:16.440 [Test worker] DEBUG org.springframework.test.annotation.ProfileValueUtils - Retrieved @ProfileValueSourceConfiguration [null] for test class [com.course.rabbitmqproducer.RabbitmqProducerApplicationTests]
23:08:16.440 [Test worker] DEBUG org.springframework.test.annotation.ProfileValueUtils - Retrieved ProfileValueSource type [class org.springframework.test.annotation.SystemProfileValueSource] for class [com.course.rabbitmqproducer.RabbitmqProducerApplicationTests]
23:08:16.444 [Test worker] DEBUG org.springframework.test.context.support.DependencyInjectionTestExecutionListener - Performing dependency injection for test context [[DefaultTestContext@505da8a5 testClass = RabbitmqProducerApplicationTests, testInstance = com.course.rabbitmqproducer.RabbitmqProducerApplicationTests@3994e4ef, testMethod = [null], testException = [null], mergedContextConfiguration = [MergedContextConfiguration@52b56254 testClass = RabbitmqProducerApplicationTests, locations = '{}', classes = '{class com.course.rabbitmqproducer.RabbitmqProducerApplication}', contextInitializerClasses = '[]', activeProfiles = '{}', propertySourceLocations = '{}', propertySourceProperties = '{org.springframework.boot.test.context.SpringBootTestContextBootstrapper=true}', contextCustomizers = set[org.springframework.boot.test.autoconfigure.properties.PropertyMappingContextCustomizer@0, org.springframework.boot.test.autoconfigure.web.servlet.WebDriverContextCustomizerFactory$Customizer@45002ce8, org.springframework.boot.test.context.filter.ExcludeFilterContextCustomizer@b4262f0, org.springframework.boot.test.json.DuplicateJsonObjectContextCustomizerFactory$DuplicateJsonObjectContextCustomizer@43b45c9c, org.springframework.boot.test.mock.mockito.MockitoContextCustomizer@0, org.springframework.boot.test.web.client.TestRestTemplateContextCustomizer@5b9bbea3], contextLoader = 'org.springframework.boot.test.context.SpringBootContextLoader', parent = [null]], attributes = map[[empty]]]].
23:08:16.459 [Test worker] DEBUG org.springframework.test.context.support.TestPropertySourceUtils - Adding inlined properties to environment: {spring.jmx.enabled=false, org.springframework.boot.test.context.SpringBootTestContextBootstrapper=true, server.port=-1}

  .   ____          _            __ _ _
 /\\ / ___'_ __ _ _(_)_ __  __ _ \ \ \ \
( ( )\___ | '_ | '_| | '_ \/ _` | \ \ \ \
 \\/  ___)| |_)| | | | | || (_| |  ) ) ) )
  '  |____| .__|_| |_|_| |_\__, | / / / /
 =========|_|==============|___/=/_/_/_/
 :: Spring Boot ::        (v2.1.4.RELEASE)

2019-04-06 23:08:16.646  INFO 10268 --- [    Test worker] c.c.r.RabbitmqProducerApplicationTests   : Starting RabbitmqProducerApplicationTests on macbook-pro-macbookpro.home with PID 10268 (started by Rogalik in /Users/macbookpro/Programowanie/IdeaProjects/rabbitmq-producer)
2019-04-06 23:08:16.648  INFO 10268 --- [    Test worker] c.c.r.RabbitmqProducerApplicationTests   : No active profile set, falling back to default profiles: default
2019-04-06 23:08:17.577  INFO 10268 --- [    Test worker] o.s.s.c.ThreadPoolTaskScheduler          : Initializing ExecutorService 'taskScheduler'
2019-04-06 23:08:17.617  INFO 10268 --- [   scheduling-1] o.s.a.r.c.CachingConnectionFactory       : Attempting to connect to: [localhost:5672]
2019-04-06 23:08:17.618  INFO 10268 --- [    Test worker] c.c.r.RabbitmqProducerApplicationTests   : Started RabbitmqProducerApplicationTests in 1.156 seconds (JVM running for 2.008)
2019-04-06 23:08:17.688  INFO 10268 --- [   scheduling-1] o.s.a.r.c.CachingConnectionFactory       : Created new connection: rabbitConnectionFactory#4d13e18c:0/SimpleConnection@428f2135 [delegate=amqp://guest@127.0.0.1:5672/, localPort= 57830]
]]></system-out>
  <system-err><![CDATA[]]></system-err>
</testsuite>
